0 info it worked if it ends with ok
1 verbose cli [ 'node', '/usr/local/bin/npm', 'install', 'socket' ]
2 info using npm@2.14.0
3 info using node@v0.12.7
4 verbose install initial load of /Users/user/Dropbox/NodeJs/chat-example-master/package.json
5 warn package.json socket-chat-example@0.0.1 No repository field.
6 warn package.json socket-chat-example@0.0.1 No license field.
7 verbose readDependencies loading dependencies from /Users/user/Dropbox/NodeJs/chat-example-master/package.json
8 silly cache add args [ 'socket', null ]
9 verbose cache add spec socket
10 silly cache add parsed spec { raw: 'socket',
10 silly cache add   scope: null,
10 silly cache add   name: 'socket',
10 silly cache add   rawSpec: '',
10 silly cache add   spec: '*',
10 silly cache add   type: 'range' }
11 silly addNamed socket@*
12 verbose addNamed "*" is a valid semver range for socket
13 silly addNameRange { name: 'socket', range: '*', hasData: false }
14 silly mapToRegistry name socket
15 silly mapToRegistry using default registry
16 silly mapToRegistry registry https://registry.npmjs.org/
17 silly mapToRegistry uri https://registry.npmjs.org/socket
18 verbose addNameRange registry:https://registry.npmjs.org/socket not in flight; fetching
19 verbose request uri https://registry.npmjs.org/socket
20 verbose request no auth needed
21 info attempt registry request try #1 at 4:00:45 PM
22 verbose request id a66adcf200179991
23 http request GET https://registry.npmjs.org/socket
24 http 200 https://registry.npmjs.org/socket
25 silly get cb [ 200,
25 silly get   { server: 'CouchDB/1.5.0 (Erlang OTP/R16B03)',
25 silly get     etag: '"368QAD6FWDSRRSF0K2VF00IA6"',
25 silly get     'content-type': 'application/json',
25 silly get     'cache-control': 'max-age=60',
25 silly get     'content-length': '1522',
25 silly get     'accept-ranges': 'bytes',
25 silly get     date: 'Tue, 25 Aug 2015 10:00:47 GMT',
25 silly get     via: '1.1 varnish',
25 silly get     age: '0',
25 silly get     connection: 'keep-alive',
25 silly get     'x-served-by': 'cache-hkg6826-HKG',
25 silly get     'x-cache': 'MISS',
25 silly get     'x-cache-hits': '0',
25 silly get     'x-timer': 'S1440496846.413899,VS0,VE678',
25 silly get     vary: 'Accept' } ]
26 verbose get saving socket to /Users/user/.npm/registry.npmjs.org/socket/.cache.json
27 silly addNameRange number 2 { name: 'socket', range: '*', hasData: true }
28 silly addNameRange versions [ 'socket', [ '0.0.1' ] ]
29 silly addNamed socket@0.0.1
30 verbose addNamed "0.0.1" is a plain semver version for socket
31 silly mapToRegistry name socket
32 silly mapToRegistry using default registry
33 silly mapToRegistry registry https://registry.npmjs.org/
34 silly mapToRegistry uri https://registry.npmjs.org/socket
35 verbose addRemoteTarball https://registry.npmjs.org/socket/-/socket-0.0.1.tgz not in flight; adding
36 verbose addRemoteTarball [ 'https://registry.npmjs.org/socket/-/socket-0.0.1.tgz',
36 verbose addRemoteTarball   '29ac6549f15a65b19f3444a4178d537a8c161a8b' ]
37 info retry fetch attempt 1 at 4:00:47 PM
38 info attempt registry request try #1 at 4:00:47 PM
39 http fetch GET https://registry.npmjs.org/socket/-/socket-0.0.1.tgz
40 http fetch 200 https://registry.npmjs.org/socket/-/socket-0.0.1.tgz
41 silly fetchAndShaCheck shasum 29ac6549f15a65b19f3444a4178d537a8c161a8b
42 verbose addTmpTarball /var/folders/qn/hvvq5w7975s3dw198_xdycfm0000gn/T/npm-51111-d4aedfb8/registry.npmjs.org/socket/-/socket-0.0.1.tgz not in flight; adding
43 verbose addTmpTarball already have metadata; skipping unpack for socket@0.0.1
44 silly cache afterAdd socket@0.0.1
45 verbose afterAdd /Users/user/.npm/socket/0.0.1/package/package.json not in flight; writing
46 verbose afterAdd /Users/user/.npm/socket/0.0.1/package/package.json written
47 silly install resolved [ { name: 'socket',
47 silly install resolved     description: 'Socket is a connect clone for simple socket based applications',
47 silly install resolved     version: '0.0.1',
47 silly install resolved     author:
47 silly install resolved      { name: 'Richard S Allinson',
47 silly install resolved        email: 'rsa@mounitainmansoftware.com' },
47 silly install resolved     main: 'index',
47 silly install resolved     engines: { node: '>= 0.6.0 < 0.7.0' },
47 silly install resolved     dependencies: { microtime: '=0.2.0' },
47 silly install resolved     repository: { type: 'git', url: 'git://github.com/capecodehq/socket.git' },
47 silly install resolved     license: 'MIT',
47 silly install resolved     _npmUser:
47 silly install resolved      { name: 'mountainmansoftware',
47 silly install resolved        email: 'npm@mountainmansoftware.com' },
47 silly install resolved     _id: 'socket@0.0.1',
47 silly install resolved     devDependencies: {},
47 silly install resolved     optionalDependencies: {},
47 silly install resolved     _engineSupported: true,
47 silly install resolved     _npmVersion: '1.1.0-3',
47 silly install resolved     _nodeVersion: 'v0.6.9',
47 silly install resolved     _defaultsLoaded: true,
47 silly install resolved     dist:
47 silly install resolved      { shasum: '29ac6549f15a65b19f3444a4178d537a8c161a8b',
47 silly install resolved        tarball: 'http://registry.npmjs.org/socket/-/socket-0.0.1.tgz' },
47 silly install resolved     maintainers: [ [Object] ],
47 silly install resolved     directories: {},
47 silly install resolved     _shasum: '29ac6549f15a65b19f3444a4178d537a8c161a8b',
47 silly install resolved     _resolved: 'https://registry.npmjs.org/socket/-/socket-0.0.1.tgz',
47 silly install resolved     _from: 'socket@*' } ]
48 info install socket@0.0.1 into /Users/user/Dropbox/NodeJs/chat-example-master
49 info installOne socket@0.0.1
50 verbose installOne of socket to /Users/user/Dropbox/NodeJs/chat-example-master not in flight; installing
51 verbose lock using /Users/user/.npm/_locks/socket-849fdc17e6f9b9d7.lock for /Users/user/Dropbox/NodeJs/chat-example-master/node_modules/socket
52 warn engine socket@0.0.1: wanted: {"node":">= 0.6.0 < 0.7.0"} (current: {"node":"0.12.7","npm":"2.14.0"})
53 silly install write writing socket 0.0.1 to /Users/user/Dropbox/NodeJs/chat-example-master/node_modules/socket
54 verbose unbuild node_modules/socket
55 silly gentlyRm /Users/user/Dropbox/NodeJs/chat-example-master/node_modules/socket is being purged from base /Users/user/Dropbox/NodeJs/chat-example-master
56 verbose gentlyRm don't care about contents; nuking /Users/user/Dropbox/NodeJs/chat-example-master/node_modules/socket
57 verbose tar unpack /Users/user/.npm/socket/0.0.1/package.tgz
58 verbose tar unpacking to /Users/user/Dropbox/NodeJs/chat-example-master/node_modules/socket
59 silly gentlyRm /Users/user/Dropbox/NodeJs/chat-example-master/node_modules/socket is being purged
60 verbose gentlyRm don't care about contents; nuking /Users/user/Dropbox/NodeJs/chat-example-master/node_modules/socket
61 silly gunzTarPerm modes [ '755', '644' ]
62 silly gunzTarPerm extractEntry examples/
63 silly gunzTarPerm extractEntry examples/echo-server.js
64 silly gunzTarPerm extractEntry examples/simple-test.js
65 silly gunzTarPerm extractEntry examples/simple-time-server.js
66 silly gunzTarPerm extractEntry index.js
67 silly gunzTarPerm extractEntry lib/
68 silly gunzTarPerm extractEntry lib/index.js
69 silly gunzTarPerm extractEntry lib/middleware/
70 silly gunzTarPerm extractEntry lib/middleware/echo.js
71 silly gunzTarPerm extractEntry lib/middleware/errorHandler.js
72 silly gunzTarPerm extractEntry lib/middleware/json.js
73 silly gunzTarPerm extractEntry lib/middleware/profiler.js
74 silly gunzTarPerm extractEntry lib/proto.js
75 silly gunzTarPerm extractEntry lib/utils.js
76 silly gunzTarPerm extractEntry nbproject/
77 silly gunzTarPerm extractEntry nbproject/private/
78 silly gunzTarPerm extractEntry nbproject/private/private.properties
79 silly gunzTarPerm extractEntry nbproject/project.properties
80 silly gunzTarPerm extractEntry nbproject/project.xml
81 silly gunzTarPerm extractEntry package.json
82 silly gunzTarPerm extractEntry scripts/
83 silly gunzTarPerm extractEntry scripts/lint
84 verbose write writing to /Users/user/Dropbox/NodeJs/chat-example-master/node_modules/socket/package.json
85 info preinstall socket@0.0.1
86 verbose readDependencies loading dependencies from /Users/user/Dropbox/NodeJs/chat-example-master/node_modules/socket/package.json
87 silly prepareForInstallMany adding microtime@=0.2.0 from socket dependencies
88 verbose readDependencies loading dependencies from /Users/user/Dropbox/NodeJs/chat-example-master/node_modules/socket/package.json
89 silly cache add args [ 'microtime@=0.2.0', null ]
90 verbose cache add spec microtime@=0.2.0
91 silly cache add parsed spec { raw: 'microtime@=0.2.0',
91 silly cache add   scope: null,
91 silly cache add   name: 'microtime',
91 silly cache add   rawSpec: '=0.2.0',
91 silly cache add   spec: '0.2.0',
91 silly cache add   type: 'version' }
92 silly addNamed microtime@0.2.0
93 verbose addNamed "0.2.0" is a plain semver version for microtime
94 silly mapToRegistry name microtime
95 silly mapToRegistry using default registry
96 silly mapToRegistry registry https://registry.npmjs.org/
97 silly mapToRegistry uri https://registry.npmjs.org/microtime
98 verbose addNameVersion registry:https://registry.npmjs.org/microtime not in flight; fetching
99 verbose request uri https://registry.npmjs.org/microtime
100 verbose request no auth needed
101 info attempt registry request try #1 at 4:00:48 PM
102 http request GET https://registry.npmjs.org/microtime
103 http 200 https://registry.npmjs.org/microtime
104 silly get cb [ 200,
104 silly get   { server: 'CouchDB/1.5.0 (Erlang OTP/R16B03)',
104 silly get     etag: '"A6CVBPQ1QIX2STN3C5UCKWX62"',
104 silly get     'content-type': 'application/json',
104 silly get     'cache-control': 'max-age=60',
104 silly get     'content-length': '24865',
104 silly get     'accept-ranges': 'bytes',
104 silly get     date: 'Tue, 25 Aug 2015 10:00:50 GMT',
104 silly get     via: '1.1 varnish',
104 silly get     age: '0',
104 silly get     connection: 'keep-alive',
104 silly get     'x-served-by': 'cache-hkg6826-HKG',
104 silly get     'x-cache': 'MISS',
104 silly get     'x-cache-hits': '0',
104 silly get     'x-timer': 'S1440496849.120794,VS0,VE952',
104 silly get     vary: 'Accept' } ]
105 verbose get saving microtime to /Users/user/.npm/registry.npmjs.org/microtime/.cache.json
106 silly mapToRegistry name microtime
107 silly mapToRegistry using default registry
108 silly mapToRegistry registry https://registry.npmjs.org/
109 silly mapToRegistry uri https://registry.npmjs.org/microtime
110 verbose addRemoteTarball https://registry.npmjs.org/microtime/-/microtime-0.2.0.tgz not in flight; adding
111 verbose addRemoteTarball [ 'https://registry.npmjs.org/microtime/-/microtime-0.2.0.tgz',
111 verbose addRemoteTarball   '45ee5cb061f9948a3ade221e620d5117a8a2bdb4' ]
112 info retry fetch attempt 1 at 4:00:50 PM
113 info attempt registry request try #1 at 4:00:50 PM
114 http fetch GET https://registry.npmjs.org/microtime/-/microtime-0.2.0.tgz
115 http fetch 200 https://registry.npmjs.org/microtime/-/microtime-0.2.0.tgz
116 silly fetchAndShaCheck shasum 45ee5cb061f9948a3ade221e620d5117a8a2bdb4
117 verbose addTmpTarball /var/folders/qn/hvvq5w7975s3dw198_xdycfm0000gn/T/npm-51111-d4aedfb8/registry.npmjs.org/microtime/-/microtime-0.2.0.tgz not in flight; adding
118 verbose addTmpTarball already have metadata; skipping unpack for microtime@0.2.0
119 silly cache afterAdd microtime@0.2.0
120 verbose afterAdd /Users/user/.npm/microtime/0.2.0/package/package.json not in flight; writing
121 verbose afterAdd /Users/user/.npm/microtime/0.2.0/package/package.json written
122 silly install resolved [ { name: 'microtime',
122 silly install resolved     version: '0.2.0',
122 silly install resolved     description: 'Get the current time in microseconds',
122 silly install resolved     author:
122 silly install resolved      { name: 'Wade Simmons',
122 silly install resolved        email: 'wade@wades.im',
122 silly install resolved        url: 'http://wades.im/mons' },
122 silly install resolved     homepage: 'https://github.com/wadey/node-microtime',
122 silly install resolved     repository:
122 silly install resolved      { type: 'git',
122 silly install resolved        url: 'git://github.com/wadey/node-microtime.git' },
122 silly install resolved     main: './index',
122 silly install resolved     engines: { node: '>= 0.2.0' },
122 silly install resolved     scripts: { install: 'node-waf configure build', test: 'node test.js' },
122 silly install resolved     _npmUser: { name: 'wadey', email: 'wade@wades.im' },
122 silly install resolved     _id: 'microtime@0.2.0',
122 silly install resolved     dependencies: {},
122 silly install resolved     devDependencies: {},
122 silly install resolved     _engineSupported: true,
122 silly install resolved     _npmVersion: '1.0.103',
122 silly install resolved     _nodeVersion: 'v0.4.11',
122 silly install resolved     _defaultsLoaded: true,
122 silly install resolved     dist:
122 silly install resolved      { shasum: '45ee5cb061f9948a3ade221e620d5117a8a2bdb4',
122 silly install resolved        tarball: 'http://registry.npmjs.org/microtime/-/microtime-0.2.0.tgz' },
122 silly install resolved     maintainers: [ [Object] ],
122 silly install resolved     directories: {},
122 silly install resolved     _shasum: '45ee5cb061f9948a3ade221e620d5117a8a2bdb4',
122 silly install resolved     _resolved: 'https://registry.npmjs.org/microtime/-/microtime-0.2.0.tgz',
122 silly install resolved     _from: 'microtime@0.2.0' } ]
123 info install microtime@0.2.0 into /Users/user/Dropbox/NodeJs/chat-example-master/node_modules/socket
124 info installOne microtime@0.2.0
125 verbose installOne of microtime to /Users/user/Dropbox/NodeJs/chat-example-master/node_modules/socket not in flight; installing
126 verbose lock using /Users/user/.npm/_locks/microtime-8eb46e326aef41c6.lock for /Users/user/Dropbox/NodeJs/chat-example-master/node_modules/socket/node_modules/microtime
127 silly install write writing microtime 0.2.0 to /Users/user/Dropbox/NodeJs/chat-example-master/node_modules/socket/node_modules/microtime
128 verbose unbuild node_modules/socket/node_modules/microtime
129 silly gentlyRm /Users/user/Dropbox/NodeJs/chat-example-master/node_modules/socket/node_modules/microtime is being purged from base /Users/user/Dropbox/NodeJs/chat-example-master
130 verbose gentlyRm don't care about contents; nuking /Users/user/Dropbox/NodeJs/chat-example-master/node_modules/socket/node_modules/microtime
131 verbose tar unpack /Users/user/.npm/microtime/0.2.0/package.tgz
132 verbose tar unpacking to /Users/user/Dropbox/NodeJs/chat-example-master/node_modules/socket/node_modules/microtime
133 silly gentlyRm /Users/user/Dropbox/NodeJs/chat-example-master/node_modules/socket/node_modules/microtime is being purged
134 verbose gentlyRm don't care about contents; nuking /Users/user/Dropbox/NodeJs/chat-example-master/node_modules/socket/node_modules/microtime
135 silly gunzTarPerm modes [ '755', '644' ]
136 silly gunzTarPerm extractEntry index.js
137 silly gunzTarPerm extractEntry LICENSE
138 silly gunzTarPerm extractEntry package.json
139 silly gunzTarPerm extractEntry README.md
140 silly gunzTarPerm extractEntry test.js
141 silly gunzTarPerm extractEntry wscript
142 silly gunzTarPerm extractEntry src/microtime.cc
143 verbose write writing to /Users/user/Dropbox/NodeJs/chat-example-master/node_modules/socket/node_modules/microtime/package.json
144 info preinstall microtime@0.2.0
145 verbose readDependencies loading dependencies from /Users/user/Dropbox/NodeJs/chat-example-master/node_modules/socket/node_modules/microtime/package.json
146 verbose readDependencies loading dependencies from /Users/user/Dropbox/NodeJs/chat-example-master/node_modules/socket/node_modules/microtime/package.json
147 silly install resolved []
148 verbose about to build /Users/user/Dropbox/NodeJs/chat-example-master/node_modules/socket/node_modules/microtime
149 info build /Users/user/Dropbox/NodeJs/chat-example-master/node_modules/socket/node_modules/microtime
150 info linkStuff microtime@0.2.0
151 silly linkStuff microtime@0.2.0 has /Users/user/Dropbox/NodeJs/chat-example-master/node_modules/socket/node_modules as its parent node_modules
152 verbose linkBins microtime@0.2.0
153 verbose linkMans microtime@0.2.0
154 verbose rebuildBundles microtime@0.2.0
155 info install microtime@0.2.0
156 verbose unsafe-perm in lifecycle true
157 info microtime@0.2.0 Failed to exec install script
158 verbose unlock done using /Users/user/.npm/_locks/microtime-8eb46e326aef41c6.lock for /Users/user/Dropbox/NodeJs/chat-example-master/node_modules/socket/node_modules/microtime
159 verbose about to build /Users/user/Dropbox/NodeJs/chat-example-master/node_modules/socket
160 verbose unlock done using /Users/user/.npm/_locks/socket-849fdc17e6f9b9d7.lock for /Users/user/Dropbox/NodeJs/chat-example-master/node_modules/socket
161 verbose stack Error: microtime@0.2.0 install: `node-waf configure build`
161 verbose stack spawn ENOENT
161 verbose stack     at ChildProcess.<anonymous> (/usr/local/lib/node_modules/npm/lib/utils/spawn.js:17:16)
161 verbose stack     at ChildProcess.emit (events.js:110:17)
161 verbose stack     at maybeClose (child_process.js:1015:16)
161 verbose stack     at Process.ChildProcess._handle.onexit (child_process.js:1087:5)
162 verbose pkgid microtime@0.2.0
163 verbose cwd /Users/user/Dropbox/NodeJs/chat-example-master
164 error Darwin 13.4.0
165 error argv "node" "/usr/local/bin/npm" "install" "socket"
166 error node v0.12.7
167 error npm  v2.14.0
168 error file sh
169 error code ELIFECYCLE
170 error errno ENOENT
171 error syscall spawn
172 error microtime@0.2.0 install: `node-waf configure build`
172 error spawn ENOENT
173 error Failed at the microtime@0.2.0 install script 'node-waf configure build'.
173 error This is most likely a problem with the microtime package,
173 error not with npm itself.
173 error Tell the author that this fails on your system:
173 error     node-waf configure build
173 error You can get their info via:
173 error     npm owner ls microtime
173 error There is likely additional logging output above.
174 verbose exit [ 1, true ]
175 verbose unbuild node_modules/socket/node_modules/microtime
176 info preuninstall microtime@0.2.0
177 info uninstall microtime@0.2.0
178 verbose unbuild rmStuff microtime@0.2.0 from /Users/user/Dropbox/NodeJs/chat-example-master/node_modules
179 verbose unbuild rmStuff in /Users/user/Dropbox/NodeJs/chat-example-master/node_modules/socket/node_modules
180 info postuninstall microtime@0.2.0
181 silly gentlyRm /Users/user/Dropbox/NodeJs/chat-example-master/node_modules/socket/node_modules/microtime is being purged from base /Users/user/Dropbox/NodeJs/chat-example-master
182 verbose gentlyRm don't care about contents; nuking /Users/user/Dropbox/NodeJs/chat-example-master/node_modules/socket/node_modules/microtime
183 silly vacuum-fs purging /Users/user/Dropbox/NodeJs/chat-example-master/node_modules/socket/node_modules/microtime
184 silly vacuum-fs removing /Users/user/Dropbox/NodeJs/chat-example-master/node_modules/socket/node_modules
185 silly vacuum-fs quitting because other entries in /Users/user/Dropbox/NodeJs/chat-example-master/node_modules/socket
186 verbose unbuild node_modules/socket
187 info preuninstall socket@0.0.1
188 info uninstall socket@0.0.1
189 verbose unbuild rmStuff socket@0.0.1 from /Users/user/Dropbox/NodeJs/chat-example-master/node_modules
190 info postuninstall socket@0.0.1
191 silly gentlyRm /Users/user/Dropbox/NodeJs/chat-example-master/node_modules/socket is being purged from base /Users/user/Dropbox/NodeJs/chat-example-master
192 verbose gentlyRm don't care about contents; nuking /Users/user/Dropbox/NodeJs/chat-example-master/node_modules/socket
193 silly vacuum-fs purging /Users/user/Dropbox/NodeJs/chat-example-master/node_modules/socket
194 silly vacuum-fs removing /Users/user/Dropbox/NodeJs/chat-example-master/node_modules
195 silly vacuum-fs finished vacuuming up to /Users/user/Dropbox/NodeJs/chat-example-master
